#
# There is insufficient memory for the Java Runtime Environment to continue.
# Native memory allocation (malloc) failed to allocate 1378896 bytes for Chunk::new
# Possible reasons:
#   The system is out of physical RAM or swap space
#   The process is running with CompressedOops enabled, and the Java Heap may be blocking the growth of the native heap
# Possible solutions:
#   Reduce memory load on the system
#   Increase physical memory or swap space
#   Check if swap backing store is full
#   Decrease Java heap size (-Xmx/-Xms)
#   Decrease number of Java threads
#   Decrease Java thread stack sizes (-Xss)
#   Set larger code cache with -XX:ReservedCodeCacheSize=
#   JVM is running with Zero Based Compressed Oops mode in which the Java heap is
#     placed in the first 32GB address space. The Java Heap base address is the
#     maximum limit for the native heap growth. Please use -XX:HeapBaseMinAddress
#     to set the Java Heap base and to place the Java Heap above 32GB virtual address.
# This output file may be truncated or incomplete.
#
#  Out of Memory Error (allocation.cpp:389), pid=12744, tid=0x0000000000001960
#
# JRE version: Java(TM) SE Runtime Environment (8.0_231-b11) (build 1.8.0_231-b11)
# Java VM: Java HotSpot(TM) 64-Bit Server VM (25.231-b11 mixed mode windows-amd64 compressed oops)
# Failed to write core dump. Minidumps are not enabled by default on client versions of Windows
#

---------------  T H R E A D  ---------------

Current thread (0x000000001e254000):  JavaThread "C2 CompilerThread2" daemon [_thread_in_native, id=6496, stack(0x000000001ed20000,0x000000001ee20000)]

Stack: [0x000000001ed20000,0x000000001ee20000]
[error occurred during error reporting (printing stack bounds), id 0xc0000005]

Native frames: (J=compiled Java code, j=interpreted, Vv=VM code, C=native code)


Current CompileTask:
C2:   6339 2603       4       groovy.lang.MetaClassImpl$1MOPIter::methodNameAction (325 bytes)


---------------  P R O C E S S  ---------------

Java Threads: ( => current thread )
  0x0000000020dbf000 JavaThread "Cache worker for execution history cache (C:\Users\Quabynah Bilson\.gradle\caches\5.6.2\executionHistory)" [_thread_blocked, id=14932, stack(0x0000000026f60000,0x0000000027060000)]
  0x0000000020dbc000 JavaThread "Cache worker for cache directory md-rule (C:\Users\Quabynah Bilson\.gradle\caches\5.6.2\md-rule)" [_thread_blocked, id=2424, stack(0x0000000026e60000,0x0000000026f60000)]
  0x0000000020dbb800 JavaThread "Cache worker for cache directory md-supplier (C:\Users\Quabynah Bilson\.gradle\caches\5.6.2\md-supplier)" [_thread_blocked, id=10636, stack(0x00000000256b0000,0x00000000257b0000)]
  0x0000000020dc1800 JavaThread "File lock release action executor" [_thread_blocked, id=20108, stack(0x00000000253e0000,0x00000000254e0000)]
  0x0000000020dc2000 JavaThread "Cache worker for file hash cache (C:\Users\Quabynah Bilson\Documents\GitHub\short-course-flutter-oct-2020\authors\reinetteallotey\emeals\android\.gradle\5.6.2\fileHashes)" [_thread_blocked, id=14632, stack(0x00000000255b0000,0x00000000256b0000)]
  0x0000000020dc0800 JavaThread "Cache worker for journal cache (C:\Users\Quabynah Bilson\.gradle\caches\journal-1)" [_thread_blocked, id=15168, stack(0x0000000022f40000,0x0000000023040000)]
  0x0000000020dc0000 JavaThread "File lock request listener" [_thread_in_native, id=7988, stack(0x0000000022e40000,0x0000000022f40000)]
  0x0000000020dbd800 JavaThread "Cache worker for file hash cache (C:\Users\Quabynah Bilson\.gradle\caches\5.6.2\fileHashes)" [_thread_blocked, id=16904, stack(0x0000000022d40000,0x0000000022e40000)]
  0x0000000020cef000 JavaThread "Thread-9" [_thread_blocked, id=13236, stack(0x0000000022a40000,0x0000000022b40000)]
  0x0000000020cb8800 JavaThread "Stdin handler" [_thread_blocked, id=644, stack(0x0000000022940000,0x0000000022a40000)]
  0x0000000020cb7000 JavaThread "Asynchronous log dispatcher for DefaultDaemonConnection: socket connection from /127.0.0.1:51847 to /127.0.0.1:51848" [_thread_blocked, id=6452, stack(0x0000000022840000,0x0000000022940000)]
  0x0000000020cb1800 JavaThread "Daemon worker" [_thread_in_native, id=20100, stack(0x0000000022740000,0x0000000022840000)]
  0x0000000020d01000 JavaThread "Cancel handler" [_thread_blocked, id=7796, stack(0x0000000022640000,0x0000000022740000)]
  0x000000001ff58000 JavaThread "Handler for socket connection from /127.0.0.1:51847 to /127.0.0.1:51848" [_thread_in_native, id=9256, stack(0x0000000022340000,0x0000000022440000)]
  0x000000001ff55000 JavaThread "Daemon" [_thread_blocked, id=16248, stack(0x0000000022240000,0x0000000022340000)]
  0x0000000020b92800 JavaThread "Daemon periodic checks" [_thread_blocked, id=17940, stack(0x0000000022140000,0x0000000022240000)]
  0x0000000020b9a800 JavaThread "Incoming local TCP Connector on port 51847" [_thread_in_native, id=20168, stack(0x0000000021f00000,0x0000000022000000)]
  0x0000000020959800 JavaThread "Daemon health stats" [_thread_blocked, id=8080, stack(0x00000000218c0000,0x00000000219c0000)]
  0x000000001e29f000 JavaThread "Service Thread" daemon [_thread_blocked, id=20464, stack(0x000000001ef20000,0x000000001f020000)]
  0x000000001e25b000 JavaThread "C1 CompilerThread3" daemon [_thread_blocked, id=10592, stack(0x000000001ee20000,0x000000001ef20000)]
=>0x000000001e254000 JavaThread "C2 CompilerThread2" daemon [_thread_in_native, id=6496, stack(0x000000001ed20000,0x000000001ee20000)]
  0x000000001e24d800 JavaThread "C2 CompilerThread1" daemon [_thread_in_native, id=10380, stack(0x000000001ec20000,0x000000001ed20000)]
  0x000000001e24b000 JavaThread "C2 CompilerThread0" daemon [_thread_blocked, id=20368, stack(0x000000001eb20000,0x000000001ec20000)]
  0x000000001e249800 JavaThread "Attach Listener" daemon [_thread_blocked, id=5472, stack(0x000000001ea20000,0x000000001eb20000)]
  0x000000001c43e800 JavaThread "Signal Dispatcher" daemon [_thread_blocked, id=14376, stack(0x000000001e920000,0x000000001ea20000)]
  0x000000001e240800 JavaThread "Finalizer" daemon [_thread_blocked, id=2252, stack(0x000000001e720000,0x000000001e820000)]
  0x000000001c42d000 JavaThread "Reference Handler" daemon [_thread_blocked, id=19108, stack(0x000000001e620000,0x000000001e720000)]
  0x000000000280e800 JavaThread "main" [_thread_blocked, id=18216, stack(0x00000000026a0000,0x00000000027a0000)]

Other Threads:
  0x000000001c429800 VMThread [stack: 0x000000001e120000,0x000000001e220000] [id=14752]
  0x000000001e2a3800 WatcherThread [stack: 0x000000001f020000,0x000000001f120000] [id=19880]

VM state:not at safepoint (normal execution)

VM Mutex/Monitor currently owned by a thread: None

heap address: 0x00000006c0000000, size: 4096 MB, Compressed Oops mode: Zero based, Oop shift amount: 3
Narrow klass base: 0x0000000000000000, Narrow klass shift: 3
Compressed class space size: 1073741824 Address: 0x00000007c0000000

Heap:
 PSYoungGen      total 95744K, used 70724K [0x000000076ab00000, 0x0000000773080000, 0x00000007c0000000)
  eden space 82432K, 74% used [0x000000076ab00000,0x000000076e7011b0,0x000000076fb80000)
  from space 13312K, 69% used [0x0000000770880000,0x00000007711900f8,0x0000000771580000)
  to   space 13312K, 0% used [0x000000076fb80000,0x000000076fb80000,0x0000000770880000)
 ParOldGen       total 145920K, used 10735K [0x00000006c0000000, 0x00000006c8e80000, 0x000000076ab00000)
  object space 145920K, 7% used [0x00000006c0000000,0x00000006c0a7bfe0,0x00000006c8e80000)
 Metaspace       used 32885K, capacity 33642K, committed 33792K, reserved 1079296K
  class space    used 4577K, capacity 4826K, committed 4864K, reserved 1048576K

Card table byte_map: [0x0000000011cd0000,0x00000000124e0000] byte_map_base: 0x000000000e6d0000

Marking Bits: (ParMarkBitMap*) 0x000000006e6a6d90
 Begin Bits: [0x0000000013240000, 0x0000000017240000)
 End Bits:   [0x0000000017240000, 0x000000001b240000)

Polling page: 0x00000000025e0000

CodeCache: size=245760Kb used=10480Kb max_used=10480Kb free=235279Kb
 bounds [0x0000000002910000, 0x0000000003360000, 0x0000000011910000]
 total_blobs=3454 nmethods=2761 adapters=604
 compilation: enabled

Compilation events (10 events):
Event: 6.321 Thread 0x000000001e25b000 nmethod 2762 0x0000000003348310 code [0x0000000003348640, 0x0000000003349eb8]
Event: 6.321 Thread 0x000000001e25b000 2763       3       org.objectweb.asm.Label::put (83 bytes)
Event: 6.322 Thread 0x000000001e25b000 nmethod 2763 0x0000000003345bd0 code [0x0000000003345da0, 0x00000000033461b8]
Event: 6.322 Thread 0x000000001e25b000 2764       3       org.objectweb.asm.Label::addForwardReference (102 bytes)
Event: 6.322 Thread 0x000000001e25b000 nmethod 2764 0x000000000334aad0 code [0x000000000334ac60, 0x000000000334b108]
Event: 6.328 Thread 0x000000001e25b000 2765       3       org.gradle.internal.service.DefaultServiceRegistry$InstanceUnpackingVisitor::visit (24 bytes)
Event: 6.328 Thread 0x000000001e25b000 nmethod 2765 0x000000000334b350 code [0x000000000334b500, 0x000000000334baf8]
Event: 6.334 Thread 0x000000001e25b000 2766       3       org.gradle.internal.service.RelevantMethods::toServiceMethodList (61 bytes)
Event: 6.335 Thread 0x000000001e25b000 nmethod 2766 0x000000000334bd10 code [0x000000000334bf40, 0x000000000334cb88]
Event: 6.335 Thread 0x000000001e25b000 2767   !   3       java.util.concurrent.LinkedBlockingQueue::poll (134 bytes)

GC Heap History (10 events):
Event: 1.304 GC heap before
{Heap before GC invocations=1 (full 0):
 PSYoungGen      total 95744K, used 82432K [0x000000076ab00000, 0x0000000771580000, 0x00000007c0000000)
  eden space 82432K, 100% used [0x000000076ab00000,0x000000076fb80000,0x000000076fb80000)
  from space 13312K, 0% used [0x0000000770880000,0x0000000770880000,0x0000000771580000)
  to   space 13312K, 0% used [0x000000076fb80000,0x000000076fb80000,0x0000000770880000)
 ParOldGen       total 218624K, used 0K [0x00000006c0000000, 0x00000006cd580000, 0x000000076ab00000)
  object space 218624K, 0% used [0x00000006c0000000,0x00000006c0000000,0x00000006cd580000)
 Metaspace       used 8421K, capacity 8682K, committed 8960K, reserved 1056768K
  class space    used 1097K, capacity 1173K, committed 1280K, reserved 1048576K
Event: 1.313 GC heap after
Heap after GC invocations=1 (full 0):
 PSYoungGen      total 95744K, used 6904K [0x000000076ab00000, 0x0000000771580000, 0x00000007c0000000)
  eden space 82432K, 0% used [0x000000076ab00000,0x000000076ab00000,0x000000076fb80000)
  from space 13312K, 51% used [0x000000076fb80000,0x000000077023e180,0x0000000770880000)
  to   space 13312K, 0% used [0x0000000770880000,0x0000000770880000,0x0000000771580000)
 ParOldGen       total 218624K, used 8K [0x00000006c0000000, 0x00000006cd580000, 0x000000076ab00000)
  object space 218624K, 0% used [0x00000006c0000000,0x00000006c0002000,0x00000006cd580000)
 Metaspace       used 8421K, capacity 8682K, committed 8960K, reserved 1056768K
  class space    used 1097K, capacity 1173K, committed 1280K, reserved 1048576K
}
Event: 2.692 GC heap before
{Heap before GC invocations=2 (full 0):
 PSYoungGen      total 95744K, used 89336K [0x000000076ab00000, 0x0000000771580000, 0x00000007c0000000)
  eden space 82432K, 100% used [0x000000076ab00000,0x000000076fb80000,0x000000076fb80000)
  from space 13312K, 51% used [0x000000076fb80000,0x000000077023e180,0x0000000770880000)
  to   space 13312K, 0% used [0x0000000770880000,0x0000000770880000,0x0000000771580000)
 ParOldGen       total 218624K, used 8K [0x00000006c0000000, 0x00000006cd580000, 0x000000076ab00000)
  object space 218624K, 0% used [0x00000006c0000000,0x00000006c0002000,0x00000006cd580000)
 Metaspace       used 16867K, capacity 17306K, committed 17536K, reserved 1064960K
  class space    used 2451K, capacity 2597K, committed 2688K, reserved 1048576K
Event: 2.706 GC heap after
Heap after GC invocations=2 (full 0):
 PSYoungGen      total 95744K, used 11884K [0x000000076ab00000, 0x0000000771580000, 0x00000007c0000000)
  eden space 82432K, 0% used [0x000000076ab00000,0x000000076ab00000,0x000000076fb80000)
  from space 13312K, 89% used [0x0000000770880000,0x000000077141b1a0,0x0000000771580000)
  to   space 13312K, 0% used [0x000000076fb80000,0x000000076fb80000,0x0000000770880000)
 ParOldGen       total 218624K, used 24K [0x00000006c0000000, 0x00000006cd580000, 0x000000076ab00000)
  object space 218624K, 0% used [0x00000006c0000000,0x00000006c0006000,0x00000006cd580000)
 Metaspace       used 16867K, capacity 17306K, committed 17536K, reserved 1064960K
  class space    used 2451K, capacity 2597K, committed 2688K, reserved 1048576K
}
Event: 3.551 GC heap before
{Heap before GC invocations=3 (full 0):
 PSYoungGen      total 95744K, used 57003K [0x000000076ab00000, 0x0000000771580000, 0x00000007c0000000)
  eden space 82432K, 54% used [0x000000076ab00000,0x000000076d70fa68,0x000000076fb80000)
  from space 13312K, 89% used [0x0000000770880000,0x000000077141b1a0,0x0000000771580000)
  to   space 13312K, 0% used [0x000000076fb80000,0x000000076fb80000,0x0000000770880000)
 ParOldGen       total 218624K, used 24K [0x00000006c0000000, 0x00000006cd580000, 0x000000076ab00000)
  object space 218624K, 0% used [0x00000006c0000000,0x00000006c0006000,0x00000006cd580000)
 Metaspace       used 20633K, capacity 21178K, committed 21248K, reserved 1067008K
  class space    used 3065K, capacity 3270K, committed 3328K, reserved 1048576K
Event: 3.563 GC heap after
Heap after GC invocations=3 (full 0):
 PSYoungGen      total 95744K, used 10946K [0x000000076ab00000, 0x0000000771580000, 0x00000007c0000000)
  eden space 82432K, 0% used [0x000000076ab00000,0x000000076ab00000,0x000000076fb80000)
  from space 13312K, 82% used [0x000000076fb80000,0x0000000770630af8,0x0000000770880000)
  to   space 13312K, 0% used [0x0000000770880000,0x0000000770880000,0x0000000771580000)
 ParOldGen       total 218624K, used 32K [0x00000006c0000000, 0x00000006cd580000, 0x000000076ab00000)
  object space 218624K, 0% used [0x00000006c0000000,0x00000006c0008000,0x00000006cd580000)
 Metaspace       used 20633K, capacity 21178K, committed 21248K, reserved 1067008K
  class space    used 3065K, capacity 3270K, committed 3328K, reserved 1048576K
}
Event: 3.563 GC heap before
{Heap before GC invocations=4 (full 1):
 PSYoungGen      total 95744K, used 10946K [0x000000076ab00000, 0x0000000771580000, 0x00000007c0000000)
  eden space 82432K, 0% used [0x000000076ab00000,0x000000076ab00000,0x000000076fb80000)
  from space 13312K, 82% used [0x000000076fb80000,0x0000000770630af8,0x0000000770880000)
  to   space 13312K, 0% used [0x0000000770880000,0x0000000770880000,0x0000000771580000)
 ParOldGen       total 218624K, used 32K [0x00000006c0000000, 0x00000006cd580000, 0x000000076ab00000)
  object space 218624K, 0% used [0x00000006c0000000,0x00000006c0008000,0x00000006cd580000)
 Metaspace       used 20633K, capacity 21178K, committed 21248K, reserved 1067008K
  class space    used 3065K, capacity 3270K, committed 3328K, reserved 1048576K
Event: 3.625 GC heap after
Heap after GC invocations=4 (full 1):
 PSYoungGen      total 95744K, used 0K [0x000000076ab00000, 0x0000000771580000, 0x00000007c0000000)
  eden space 82432K, 0% used [0x000000076ab00000,0x000000076ab00000,0x000000076fb80000)
  from space 13312K, 0% used [0x000000076fb80000,0x000000076fb80000,0x0000000770880000)
  to   space 13312K, 0% used [0x0000000770880000,0x0000000770880000,0x0000000771580000)
 ParOldGen       total 145920K, used 10727K [0x00000006c0000000, 0x00000006c8e80000, 0x000000076ab00000)
  object space 145920K, 7% used [0x00000006c0000000,0x00000006c0a79fe0,0x00000006c8e80000)
 Metaspace       used 20633K, capacity 21178K, committed 21248K, reserved 1067008K
  class space    used 3065K, capacity 3270K, committed 3328K, reserved 1048576K
}
Event: 5.055 GC heap before
{Heap before GC invocations=5 (full 1):
 PSYoungGen      total 95744K, used 82432K [0x000000076ab00000, 0x0000000771580000, 0x00000007c0000000)
  eden space 82432K, 100% used [0x000000076ab00000,0x000000076fb80000,0x000000076fb80000)
  from space 13312K, 0% used [0x000000076fb80000,0x000000076fb80000,0x0000000770880000)
  to   space 13312K, 0% used [0x0000000770880000,0x0000000770880000,0x0000000771580000)
 ParOldGen       total 145920K, used 10727K [0x00000006c0000000, 0x00000006c8e80000, 0x000000076ab00000)
  object space 145920K, 7% used [0x00000006c0000000,0x00000006c0a79fe0,0x00000006c8e80000)
 Metaspace       used 29541K, capacity 30184K, committed 30592K, reserved 1075200K
  class space    used 4164K, capacity 4369K, committed 4480K, reserved 1048576K
Event: 5.062 GC heap after
Heap after GC invocations=5 (full 1):
 PSYoungGen      total 95744K, used 9280K [0x000000076ab00000, 0x0000000773080000, 0x00000007c0000000)
  eden space 82432K, 0% used [0x000000076ab00000,0x000000076ab00000,0x000000076fb80000)
  from space 13312K, 69% used [0x0000000770880000,0x00000007711900f8,0x0000000771580000)
  to   space 13312K, 0% used [0x000000076fb80000,0x000000076fb80000,0x0000000770880000)
 ParOldGen       total 145920K, used 10735K [0x00000006c0000000, 0x00000006c8e80000, 0x000000076ab00000)
  object space 145920K, 7% used [0x00000006c0000000,0x00000006c0a7bfe0,0x00000006c8e80000)
 Metaspace       used 29541K, capacity 30184K, committed 30592K, reserved 1075200K
  class space    used 4164K, capacity 4369K, committed 4480K, reserved 1048576K
}

Deoptimization events (10 events):
Event: 3.646 Thread 0x0000000020cb1800 Uncommon trap: reason=bimorphic action=maybe_recompile pc=0x0000000002f06998 method=java.io.BufferedInputStream.read([BII)I @ 101
Event: 3.646 Thread 0x0000000020cb1800 Uncommon trap: reason=bimorphic action=maybe_recompile pc=0x0000000002f06998 method=java.io.BufferedInputStream.read([BII)I @ 101
Event: 3.647 Thread 0x0000000020cb1800 Uncommon trap: reason=bimorphic action=maybe_recompile pc=0x0000000002f06998 method=java.io.BufferedInputStream.read([BII)I @ 101
Event: 3.647 Thread 0x0000000020cb1800 Uncommon trap: reason=bimorphic action=maybe_recompile pc=0x0000000002f06998 method=java.io.BufferedInputStream.read([BII)I @ 101
Event: 4.483 Thread 0x0000000020cb1800 Uncommon trap: reason=unstable_if action=reinterpret pc=0x0000000002e043c8 method=java.util.HashMap.hash(Ljava/lang/Object;)I @ 1
Event: 4.579 Thread 0x0000000020cb1800 Uncommon trap: reason=unstable_if action=reinterpret pc=0x0000000002bd755c method=java.io.WinNTFileSystem.resolve(Ljava/lang/String;Ljava/lang/String;)Ljava/lang/String; @ 49
Event: 4.617 Thread 0x0000000020cb1800 Uncommon trap: reason=unstable_if action=reinterpret pc=0x0000000002bef8b0 method=java.util.LinkedHashMap.afterNodeInsertion(Z)V @ 1
Event: 4.871 Thread 0x0000000020cb1800 Uncommon trap: reason=unstable_if action=reinterpret pc=0x0000000002bb47c4 method=java.util.HashMap.getNode(ILjava/lang/Object;)Ljava/util/HashMap$Node; @ 129
Event: 5.998 Thread 0x0000000020cb1800 Uncommon trap: reason=unstable_if action=reinterpret pc=0x0000000003154270 method=java.util.HashMap.putVal(ILjava/lang/Object;Ljava/lang/Object;ZZ)Ljava/lang/Object; @ 162
Event: 6.008 Thread 0x0000000020cb1800 Uncommon trap: reason=range_check action=make_not_entrant pc=0x000000000328f260 method=java.lang.String.charAt(I)C @ 27

Classes redefined (0 events):
No events

Internal exceptions (10 events):
Event: 6.110 Thread 0x0000000020cb1800 Exception <a 'java/lang/ClassNotFoundException': java/util/HashtableCustomizer> (0x000000076dde8960) thrown at [C:\re\workspace\8-2-build-windows-amd64-cygwin\jdk8u231\13620\hotspot\src\share\vm\classfile\systemDictionary.cpp, line 210]
Event: 6.119 Thread 0x0000000020cb1800 Exception <a 'java/lang/ClassNotFoundException': java/util/PropertiesCustomizer> (0x000000076de13b90) thrown at [C:\re\workspace\8-2-build-windows-amd64-cygwin\jdk8u231\13620\hotspot\src\share\vm\classfile\systemDictionary.cpp, line 210]
Event: 6.159 Thread 0x0000000020cb1800 Exception <a 'java/lang/ClassNotFoundException': groovy/lang/GString$1BeanInfo> (0x000000076df4d620) thrown at [C:\re\workspace\8-2-build-windows-amd64-cygwin\jdk8u231\13620\hotspot\src\share\vm\classfile\systemDictionary.cpp, line 210]
Event: 6.161 Thread 0x0000000020cb1800 Exception <a 'java/lang/ClassNotFoundException': groovy/lang/GStringBeanInfo> (0x000000076df71570) thrown at [C:\re\workspace\8-2-build-windows-amd64-cygwin\jdk8u231\13620\hotspot\src\share\vm\classfile\systemDictionary.cpp, line 210]
Event: 6.163 Thread 0x0000000020cb1800 Exception <a 'java/lang/ClassNotFoundException': groovy/lang/GStringCustomizer> (0x000000076df95a70) thrown at [C:\re\workspace\8-2-build-windows-amd64-cygwin\jdk8u231\13620\hotspot\src\share\vm\classfile\systemDictionary.cpp, line 210]
Event: 6.165 Thread 0x0000000020cb1800 Exception <a 'java/lang/ClassNotFoundException': groovy/lang/GString$1Customizer> (0x000000076dfc6178) thrown at [C:\re\workspace\8-2-build-windows-amd64-cygwin\jdk8u231\13620\hotspot\src\share\vm\classfile\systemDictionary.cpp, line 210]
Event: 6.173 Thread 0x0000000020cb1800 Exception <a 'java/lang/ClassNotFoundException': org/codehaus/groovy/runtime/GStringImplBeanInfo> (0x000000076e075af8) thrown at [C:\re\workspace\8-2-build-windows-amd64-cygwin\jdk8u231\13620\hotspot\src\share\vm\classfile\systemDictionary.cpp, line 210]
Event: 6.174 Thread 0x0000000020cb1800 Exception <a 'java/lang/ClassNotFoundException': org/codehaus/groovy/runtime/GStringImplCustomizer> (0x000000076e0a3ce8) thrown at [C:\re\workspace\8-2-build-windows-amd64-cygwin\jdk8u231\13620\hotspot\src\share\vm\classfile\systemDictionary.cpp, line 210
Event: 6.210 Thread 0x0000000020cb1800 Exception <a 'java/lang/ClassNotFoundException': app_plugin_loader_cxaipchpm0g91mgo954ldlsn2BeanInfo> (0x000000076e12bfc8) thrown at [C:\re\workspace\8-2-build-windows-amd64-cygwin\jdk8u231\13620\hotspot\src\share\vm\classfile\systemDictionary.cpp, line 2
Event: 6.211 Thread 0x0000000020cb1800 Exception <a 'java/lang/ClassNotFoundException': app_plugin_loader_cxaipchpm0g91mgo954ldlsn2Customizer> (0x000000076e137340) thrown at [C:\re\workspace\8-2-build-windows-amd64-cygwin\jdk8u231\13620\hotspot\src\share\vm\classfile\systemDictionary.cpp, line

Events (10 events):
Event: 6.333 loading class org/gradle/buildinit/plugins/internal/ProjectLayoutSetupRegistry
Event: 6.333 loading class org/gradle/buildinit/plugins/internal/ProjectLayoutSetupRegistry done
Event: 6.334 loading class org/gradle/plugins/ide/internal/DefaultIdeArtifactRegistry
Event: 6.334 loading class org/gradle/plugins/ide/internal/DefaultIdeArtifactRegistry done
Event: 6.334 loading class org/gradle/plugins/ide/internal/IdeArtifactRegistry
Event: 6.334 loading class org/gradle/plugins/ide/internal/IdeArtifactRegistry done
Event: 6.335 loading class org/gradle/language/nativeplatform/internal/incremental/DefaultIncrementalCompilerBuilder
Event: 6.335 loading class org/gradle/language/nativeplatform/internal/incremental/DefaultIncrementalCompilerBuilder done
Event: 6.336 loading class org/gradle/language/nativeplatform/internal/incremental/IncrementalCompilerBuilder
Event: 6.336 loading class org/gradle/language/nativeplatform/internal/incremental/IncrementalCompilerBuilder done


Dynamic libraries:
0x00007ff6ee4e0000 - 0x00007ff6ee517000 	C:\Program Files\Java\jdk1.8.0_231\bin\java.exe
0x00007ff98d450000 - 0x00007ff98d646000 	C:\Windows\SYSTEM32\ntdll.dll
0x00007ff98bae0000 - 0x00007ff98bb9d000 	C:\Windows\System32\KERNEL32.DLL
0x00007ff98b0a0000 - 0x00007ff98b368000 	C:\Windows\System32\KERNELBASE.dll
0x00007ff98cee0000 - 0x00007ff98cf8c000 	C:\Windows\System32\ADVAPI32.dll
0x00007ff98ce40000 - 0x00007ff98cede000 	C:\Windows\System32\msvcrt.dll
0x00007ff98c140000 - 0x00007ff98c1db000 	C:\Windows\System32\sechost.dll
0x00007ff98c1e0000 - 0x00007ff98c304000 	C:\Windows\System32\RPCRT4.dll
0x00007ff98cbf0000 - 0x00007ff98cd90000 	C:\Windows\System32\USER32.dll
0x00007ff98ac40000 - 0x00007ff98ac62000 	C:\Windows\System32\win32u.dll
0x00007ff98cf90000 - 0x00007ff98cfba000 	C:\Windows\System32\GDI32.dll
0x00007ff98b3a0000 - 0x00007ff98b4a9000 	C:\Windows\System32\gdi32full.dll
0x00007ff98ac70000 - 0x00007ff98ad0d000 	C:\Windows\System32\msvcp_win.dll
0x00007ff98ad10000 - 0x00007ff98ae10000 	C:\Windows\System32\ucrtbase.dll
0x00007ff977a00000 - 0x00007ff977c9b000 	C:\Windows\WinSxS\amd64_microsoft.windows.common-controls_6595b64144ccf1df_6.0.19041.488_none_ca04af081b815d21\COMCTL32.dll
0x00007ff98bca0000 - 0x00007ff98bcd0000 	C:\Windows\System32\IMM32.DLL
0x000000006e730000 - 0x000000006e802000 	C:\Program Files\Java\jdk1.8.0_231\jre\bin\msvcr100.dll
0x000000006de80000 - 0x000000006e726000 	C:\Program Files\Java\jdk1.8.0_231\jre\bin\server\jvm.dll
0x00007ff98bf80000 - 0x00007ff98bf88000 	C:\Windows\System32\PSAPI.DLL
0x00007ff987620000 - 0x00007ff987629000 	C:\Windows\SYSTEM32\WSOCK32.dll
0x00007ff979a40000 - 0x00007ff979a4a000 	C:\Windows\SYSTEM32\VERSION.dll
0x00007ff981e20000 - 0x00007ff981e47000 	C:\Windows\SYSTEM32\WINMM.dll
0x00007ff98d320000 - 0x00007ff98d38b000 	C:\Windows\System32\WS2_32.dll
0x00007ff985f20000 - 0x00007ff985f2f000 	C:\Program Files\Java\jdk1.8.0_231\jre\bin\verify.dll
0x00007ff9748e0000 - 0x00007ff974909000 	C:\Program Files\Java\jdk1.8.0_231\jre\bin\java.dll
0x00007ff97c0e0000 - 0x00007ff97c0f6000 	C:\Program Files\Java\jdk1.8.0_231\jre\bin\zip.dll
0x00007ff98c320000 - 0x00007ff98ca61000 	C:\Windows\System32\SHELL32.dll
0x00007ff988cb0000 - 0x00007ff989445000 	C:\Windows\SYSTEM32\windows.storage.dll
0x00007ff98cfc0000 - 0x00007ff98d315000 	C:\Windows\System32\combase.dll
0x00007ff98a600000 - 0x00007ff98a62c000 	C:\Windows\SYSTEM32\Wldp.dll
0x00007ff98cd90000 - 0x00007ff98ce3e000 	C:\Windows\System32\SHCORE.dll
0x00007ff98b4b0000 - 0x00007ff98b505000 	C:\Windows\System32\shlwapi.dll
0x00007ff98aac0000 - 0x00007ff98aae6000 	C:\Windows\SYSTEM32\profapi.dll
0x00007ff97be80000 - 0x00007ff97be9a000 	C:\Program Files\Java\jdk1.8.0_231\jre\bin\net.dll
0x00007ff98a380000 - 0x00007ff98a3ea000 	C:\Windows\system32\mswsock.dll
0x00007ff978a20000 - 0x00007ff978a32000 	C:\Program Files\Java\jdk1.8.0_231\jre\bin\nio.dll
0x00007ff95d440000 - 0x00007ff95d466000 	C:\Users\Quabynah Bilson\.gradle\native\30\windows-amd64\native-platform.dll
0x00007ff985f10000 - 0x00007ff985f1d000 	C:\Program Files\Java\jdk1.8.0_231\jre\bin\management.dll
0x00007ff98a550000 - 0x00007ff98a568000 	C:\Windows\SYSTEM32\CRYPTSP.dll
0x00007ff989ca0000 - 0x00007ff989cd4000 	C:\Windows\system32\rsaenh.dll
0x00007ff98b370000 - 0x00007ff98b397000 	C:\Windows\System32\bcrypt.dll
0x00007ff98aa80000 - 0x00007ff98aaae000 	C:\Windows\SYSTEM32\USERENV.dll
0x00007ff98b020000 - 0x00007ff98b09f000 	C:\Windows\System32\bcryptprimitives.dll
0x00007ff98a570000 - 0x00007ff98a57c000 	C:\Windows\SYSTEM32\CRYPTBASE.dll
0x00007ff98a020000 - 0x00007ff98a05b000 	C:\Windows\SYSTEM32\IPHLPAPI.DLL
0x00007ff98bba0000 - 0x00007ff98bba8000 	C:\Windows\System32\NSI.dll
0x00007ff982ae0000 - 0x00007ff982af7000 	C:\Windows\SYSTEM32\dhcpcsvc6.DLL
0x00007ff983690000 - 0x00007ff9836ad000 	C:\Windows\SYSTEM32\dhcpcsvc.DLL
0x00007ff98a070000 - 0x00007ff98a13b000 	C:\Windows\SYSTEM32\DNSAPI.dll

VM Arguments:
jvm_args: -Xmx4096m -Dfile.encoding=windows-1252 -Duser.country=US -Duser.language=en -Duser.variant 
java_command: org.gradle.launcher.daemon.bootstrap.GradleDaemon 5.6.2
java_class_path (initial): C:\Users\Quabynah Bilson\.gradle\wrapper\dists\gradle-5.6.2-all\9st6wgf78h16so49nn74lgtbb\gradle-5.6.2\lib\gradle-launcher-5.6.2.jar
Launcher Type: SUN_STANDARD

Environment Variables:
JAVA_HOME=C:\Program Files\Java\jdk-11.0.9
PATH=C:\Python39\Scripts\;C:\Python39\;C:\Program Files (x86)\Common Files\Oracle\Java\javapath;C:\Windows\system32;C:\Windows;C:\Windows\System32\Wbem;C:\Windows\System32\WindowsPowerShell\v1.0\;C:\Windows\System32\OpenSSH\;C:\Program Files\Microsoft VS Code Insiders\bin;C:\Program Files\Git\cmd;C:\Program Files\nodejs\;C:\ProgramData\chocolatey\bin;C:\Users\Quabynah Bilson\AppData\Local\Programs\Python\Python38-32\Scripts\;C:\Users\Quabynah Bilson\AppData\Local\Programs\Python\Python38-32\;C:\Users\Quabynah Bilson\AppData\Local\Microsoft\WindowsApps;C:\Users\Quabynah Bilson\AppData\Local\GitHubDesktop\bin;C:\flutter\bin;C:\Users\Quabynah Bilson\AppData\Roaming\npm;C:\Program Files\JetBrains\IntelliJ IDEA 2020.2.3\bin;
USERNAME=Quabynah Bilson
OS=Windows_NT
PROCESSOR_IDENTIFIER=Intel64 Family 6 Model 60 Stepping 3, GenuineIntel



---------------  S Y S T E M  ---------------

OS: Windows 10.0 , 64 bit Build 19041 (10.0.19041.546)

CPU:total 8 (initial active 8) (4 cores per cpu, 2 threads per core) family 6 model 60 stepping 3, cmov, cx8, fxsr, mmx, sse, sse2, sse3, ssse3, sse4.1, sse4.2, popcnt, avx, avx2, aes, clmul, erms, lzcnt, ht, tsc, tscinvbit, bmi1, bmi2

Memory: 4k page, physical 20847972k(1249496k free), swap 50068280k(5764k free)

vm_info: Java HotSpot(TM) 64-Bit Server VM (25.231-b11) for windows-amd64 JRE (1.8.0_231-b11), built on Oct  5 2019 03:11:30 by "java_re" with MS VC++ 10.0 (VS2010)

time: Thu Nov 26 12:14:25 2020
timezone: Coordinated Universal Time
elapsed time: 6 seconds (0d 0h 0m 6s)

